  AIE_Starter.cpp
C:\Users\User\Documents\GitHub\AIPathfinding\AIE_Starter\ScoreTracker.h(2,10): warning C4067: unexpected tokens following preprocessor directive - expected a newline
C:\Users\User\Documents\GitHub\AIPathfinding\AIE_Starter\Button.h(36,24): warning C4244: 'initializing': conversion from 'double' to 'int', possible loss of data
C:\Users\User\Documents\GitHub\AIPathfinding\AIE_Starter\Button.h(42,31): warning C4244: 'argument': conversion from 'float' to 'int', possible loss of data
C:\Users\User\Documents\GitHub\AIPathfinding\AIE_Starter\Button.h(42,24): warning C4244: 'argument': conversion from 'float' to 'int', possible loss of data
C:\Users\User\Documents\GitHub\AIPathfinding\AIE_Starter\AIE_Starter.cpp(86,24): warning C4244: 'initializing': conversion from 'double' to 'int', possible loss of data
C:\Users\User\Documents\GitHub\AIPathfinding\AIE_Starter\AIE_Starter.cpp(91,19): warning C4267: 'initializing': conversion from 'size_t' to 'int', possible loss of data
C:\Users\User\Documents\GitHub\AIPathfinding\AIE_Starter\AIE_Starter.cpp(92,22): warning C4267: 'initializing': conversion from 'size_t' to 'int', possible loss of data
  CollisionTracker.cpp
C:\Users\User\Documents\GitHub\AIPathfinding\AIE_Starter\ScoreTracker.h(2,10): warning C4067: unexpected tokens following preprocessor directive - expected a newline
C:\Users\User\Documents\GitHub\AIPathfinding\AIE_Starter\Button.h(36,24): warning C4244: 'initializing': conversion from 'double' to 'int', possible loss of data
C:\Users\User\Documents\GitHub\AIPathfinding\AIE_Starter\Button.h(42,31): warning C4244: 'argument': conversion from 'float' to 'int', possible loss of data
C:\Users\User\Documents\GitHub\AIPathfinding\AIE_Starter\Button.h(42,24): warning C4244: 'argument': conversion from 'float' to 'int', possible loss of data
  GameManager.cpp
C:\Users\User\Documents\GitHub\AIPathfinding\AIE_Starter\ScoreTracker.h(2,10): warning C4067: unexpected tokens following preprocessor directive - expected a newline
C:\Users\User\Documents\GitHub\AIPathfinding\AIE_Starter\Button.h(36,24): warning C4244: 'initializing': conversion from 'double' to 'int', possible loss of data
C:\Users\User\Documents\GitHub\AIPathfinding\AIE_Starter\Button.h(42,31): warning C4244: 'argument': conversion from 'float' to 'int', possible loss of data
C:\Users\User\Documents\GitHub\AIPathfinding\AIE_Starter\Button.h(42,24): warning C4244: 'argument': conversion from 'float' to 'int', possible loss of data
  MainMenu.cpp
C:\Users\User\Documents\GitHub\AIPathfinding\AIE_Starter\Button.h(36,24): warning C4244: 'initializing': conversion from 'double' to 'int', possible loss of data
C:\Users\User\Documents\GitHub\AIPathfinding\AIE_Starter\Button.h(42,31): warning C4244: 'argument': conversion from 'float' to 'int', possible loss of data
C:\Users\User\Documents\GitHub\AIPathfinding\AIE_Starter\Button.h(42,24): warning C4244: 'argument': conversion from 'float' to 'int', possible loss of data
C:\Users\User\Documents\GitHub\AIPathfinding\AIE_Starter\MainMenu.cpp(51,25): warning C4838: conversion from 'int' to 'float' requires a narrowing conversion
C:\Users\User\Documents\GitHub\AIPathfinding\AIE_Starter\MainMenu.cpp(51,25): warning C4244: 'initializing': conversion from 'int' to 'float', possible loss of data
C:\Users\User\Documents\GitHub\AIPathfinding\AIE_Starter\MainMenu.cpp(51,50): warning C4838: conversion from 'int' to 'float' requires a narrowing conversion
C:\Users\User\Documents\GitHub\AIPathfinding\AIE_Starter\MainMenu.cpp(51,50): warning C4244: 'initializing': conversion from 'int' to 'float', possible loss of data
  Generating Code...
  AIE_Starter.vcxproj -> C:\Users\User\Documents\GitHub\AIPathfinding\x64\Debug\AIE_Starter.exe
